#
# A fatal error has been detected by the Java Runtime Environment:
#
#  EXCEPTION_ACCESS_VIOLATION (0xc0000005) at pc=0x00007ffe7e9fa358, pid=15524, tid=15160
#
# JRE version: OpenJDK Runtime Environment (16.0.2+7) (build 16.0.2+7-67)
# Java VM: OpenJDK 64-Bit Server VM (16.0.2+7-67, mixed mode, tiered, compressed oops, compressed class ptrs, g1 gc, windows-amd64)
# Problematic frame:
# V  [jvm.dll+0x23a358]
#
# No core dump will be written. Minidumps are not enabled by default on client versions of Windows
#
# If you would like to submit a bug report, please visit:
#   https://bugreport.java.com/bugreport/crash.jsp
#

---------------  S U M M A R Y ------------

Command Line: -XX:+ShowCodeDetailsInExceptionMessages -agentlib:jdwp=transport=dt_socket,suspend=y,address=localhost:54732 -javaagent:C:\Users\achiy\eclipse\java-2021-09\eclipse\configuration\org.eclipse.osgi\222\0\.cp\lib\javaagent-shaded.jar -Dfile.encoding=UTF-8 --module-path=C:\Users\achiy\eclipse-workspace\EX1_A\bin -Djdk.module.main=EX1_A EX1_A/Package.PrimeGap

Host: Intel(R) Core(TM) i7-8650U CPU @ 1.90GHz, 8 cores, 15G,  Windows 10 , 64 bit Build 22000 (10.0.22000.120)
Time: Mon Nov  1 12:27:06 2021 Jerusalem Standard Time elapsed time: 3083.390738 seconds (0d 0h 51m 23s)

---------------  T H R E A D  ---------------

Current thread (0x000001fffb8164f0):  VMThread "VM Thread" [stack: 0x000000cc9f000000,0x000000cc9f100000] [id=15160]

Stack: [0x000000cc9f000000,0x000000cc9f100000],  sp=0x000000cc9f0fee58,  free space=1019k
Native frames: (J=compiled Java code, j=interpreted, Vv=VM code, C=native code)
V  [jvm.dll+0x23a358]


siginfo: EXCEPTION_ACCESS_VIOLATION (0xc0000005), reading address 0x000001fffcab0b40


Register to memory mapping:

RIP=0x00007ffe7e9fa358 jvm.dll
RAX=0x0000000000176040 is an unknown value
RBX=0x000001fffc93a688 is pointing into metadata
RCX=0x000001fffc93ab00 is pointing into metadata
RDX=0x000000000000bb01 is an unknown value
RSP=0x000000cc9f0fee58 points into unknown readable memory: 0x00007ffe7e9fa3de | de a3 9f 7e fe 7f 00 00
RBP=0x000000cc9f0fef90 points into unknown readable memory: 0xffffffffffffffff | ff ff ff ff ff ff ff ff
RSI=0x0 is NULL
RDI=0x000000cc9f0ff5a0 points into unknown readable memory: 0x00007ffe7f0f2218 | 18 22 0f 7f fe 7f 00 00
R8 =0x0 is NULL
R9 =0x000001fffc93a688 is pointing into metadata
R10=0x00007ffe7e7c0000 jvm.dll
R11={method} {0x000001fffc93aaa8} 'main' '([Ljava/lang/String;)V' in 'Package/PrimeGap'
R12=0x00007ffe7e7c0000 jvm.dll
R13=0x000001fffbb639a0 points into unknown readable memory: 0x0000000011852e00 | 00 2e 85 11 00 00 00 00
R14=0x000001fffc93aa36 is pointing into metadata
R15=0x0000000000000031 is an unknown value


Registers:
RAX=0x0000000000176040, RBX=0x000001fffc93a688, RCX=0x000001fffc93ab00, RDX=0x000000000000bb01
RSP=0x000000cc9f0fee58, RBP=0x000000cc9f0fef90, RSI=0x0000000000000000, RDI=0x000000cc9f0ff5a0
R8 =0x0000000000000000, R9 =0x000001fffc93a688, R10=0x00007ffe7e7c0000, R11=0x000001fffc93aaa0
R12=0x00007ffe7e7c0000, R13=0x000001fffbb639a0, R14=0x000001fffc93aa36, R15=0x0000000000000031
RIP=0x00007ffe7e9fa358, EFLAGS=0x0000000000010202

Top of Stack: (sp=0x000000cc9f0fee58)
0x000000cc9f0fee58:   00007ffe7e9fa3de 000000cc9f0feee8
0x000000cc9f0fee68:   0000000000000000 000001fffab72fa0
0x000000cc9f0fee78:   0000000000000000 000000cc9f0ff410
0x000000cc9f0fee88:   00007ffe7eaecf44 0000000000000001
0x000000cc9f0fee98:   0000000000000000 0000000000000000
0x000000cc9f0feea8:   0000000000000000 0000000000000000
0x000000cc9f0feeb8:   0000000000000000 000001fffab791e0
0x000000cc9f0feec8:   00007ffe0000000a 0000000000000000
0x000000cc9f0feed8:   000000cc9f0fef30 0000000000000002
0x000000cc9f0feee8:   000001fffab791e0 0000000400000003
0x000000cc9f0feef8:   0000000000000004 000000030000000a
0x000000cc9f0fef08:   00007ffe7eea5d08 0000000000000000
0x000000cc9f0fef18:   000000002fffffff 000000cc9f0ff670
0x000000cc9f0fef28:   00007ffe7eea4fb2 0000000000000000
0x000000cc9f0fef38:   00007ffe7eea5ac0 000000cc9f0ff0a0
0x000000cc9f0fef48:   0000000000000000 000000cc9f0ff5a0 

Instructions: (pc=0x00007ffe7e9fa358)
0x00007ffe7e9fa258:   03 03 03 03 03 03 03 03 03 03 03 03 03 03 03 03
0x00007ffe7e9fa268:   03 03 03 03 03 03 03 03 03 03 03 03 03 03 03 03
0x00007ffe7e9fa278:   03 03 03 03 03 03 03 03 03 03 03 03 03 03 03 03
0x00007ffe7e9fa288:   03 03 03 03 03 03 03 03 03 03 03 03 03 03 03 03
0x00007ffe7e9fa298:   03 03 03 02 03 03 02 cc 48 89 5c 24 08 48 89 74
0x00007ffe7e9fa2a8:   24 10 57 48 83 ec 20 48 63 da 41 0f b6 f0 48 8b
0x00007ffe7e9fa2b8:   f9 85 d2 79 24 4c 8d 0d 1c 95 69 00 ba b4 02 00
0x00007ffe7e9fa2c8:   00 4c 8d 05 48 95 69 00 48 8d 0d b1 94 69 00 e8
0x00007ffe7e9fa2d8:   64 88 00 00 e8 5f da 42 00 40 84 f6 75 18 48 8b
0x00007ffe7e9fa2e8:   4f 10 48 85 c9 74 0f 48 8d 43 01 48 c1 e0 05 48
0x00007ffe7e9fa2f8:   8b 04 08 0f b7 d8 48 8b 74 24 38 48 63 c3 48 8b
0x00007ffe7e9fa308:   5c 24 30 0f b7 44 c7 48 48 83 c4 20 5f c3 cc cc
0x00007ffe7e9fa318:   cc cc cc cc cc cc cc cc 4c 8b c9 45 84 c0 75 41
0x00007ffe7e9fa328:   48 8b 49 10 48 85 c9 74 38 85 d2 79 19 f7 d2 8b
0x00007ffe7e9fa338:   c2 48 ff c0 48 c1 e0 05 48 8b 04 08 0f b7 c8 41
0x00007ffe7e9fa348:   0f b7 44 c9 4a c3 48 63 c2 48 ff c0 48 c1 e0 05
0x00007ffe7e9fa358:   48 8b 04 08 0f b7 d0 48 63 c2 41 0f b7 44 c1 4a
0x00007ffe7e9fa368:   c3 49 8b 41 08 4c 63 c2 42 0f b6 44 00 04 8d 48
0x00007ffe7e9fa378:   ef 80 f9 01 76 0e 3c 6a 74 0a 48 63 c2 41 0f b7
0x00007ffe7e9fa388:   44 c1 4a c3 43 0f b7 44 c1 4a c3 cc cc cc cc cc
0x00007ffe7e9fa398:   cc cc cc cc cc cc cc cc 40 53 48 83 ec 20 48 8b
0x00007ffe7e9fa3a8:   d9 e8 72 ff ff ff 48 63 d0 0f b7 44 d3 48 48 8b
0x00007ffe7e9fa3b8:   44 c3 48 48 83 c4 20 5b c3 cc cc cc cc cc cc cc
0x00007ffe7e9fa3c8:   cc cc cc cc cc cc cc cc 40 53 48 83 ec 20 48 8b
0x00007ffe7e9fa3d8:   d9 e8 42 ff ff ff 48 63 d0 0f b7 44 d3 4a 48 8b
0x00007ffe7e9fa3e8:   44 c3 48 48 83 c4 20 5b c3 cc cc cc cc cc cc cc
0x00007ffe7e9fa3f8:   cc cc cc cc cc cc cc cc 4c 8b d1 45 84 c9 75 28
0x00007ffe7e9fa408:   4c 8b 49 10 4d 85 c9 74 1f 45 85 c0 79 08 41 f7
0x00007ffe7e9fa418:   d0 41 8b c0 eb 03 49 63 c0 48 ff c0 48 c1 e0 05
0x00007ffe7e9fa428:   4a 8b 04 08 44 0f b7 c0 49 8b 42 08 49 63 c8 0f
0x00007ffe7e9fa438:   b6 4c 08 04 48 8b c2 88 0a c3 cc cc cc cc cc cc
0x00007ffe7e9fa448:   cc cc cc cc cc cc cc cc 40 56 57 41 54 41 56 41 


Stack slot to memory mapping:
stack at sp + 0 slots: 0x00007ffe7e9fa3de jvm.dll
stack at sp + 1 slots: 0x000000cc9f0feee8 points into unknown readable memory: 0x000001fffab791e0 | e0 91 b7 fa ff 01 00 00
stack at sp + 2 slots: 0x0 is NULL
stack at sp + 3 slots: 0x000001fffab72fa0 points into unknown readable memory: 0x616a00106e30ffff | ff ff 30 6e 10 00 6a 61
stack at sp + 4 slots: 0x0 is NULL
stack at sp + 5 slots: 0x000000cc9f0ff410 points into unknown readable memory: 0x000001fffc93aaa0 | a0 aa 93 fc ff 01 00 00
stack at sp + 6 slots: 0x00007ffe7eaecf44 jvm.dll
stack at sp + 7 slots: 0x0000000000000001 is an unknown value

VM_Operation (0x000000cc9fbff580): get/set locals, mode: safepoint, requested by thread 0x000001fffbb50710


---------------  P R O C E S S  ---------------

Threads class SMR info:
_java_thread_list=0x000001fffc1b4730, length=15, elements={
0x000001ffdc2710f0, 0x000001fffacb5f30, 0x000001fffacb6d00, 0x000001fffb85b680,
0x000001fffb85dfa0, 0x000001fffb85e8b0, 0x000001fffb8626c0, 0x000001fffb86b310,
0x000001fffb876440, 0x000001fffb8809a0, 0x000001fffb91b030, 0x000001fffbb50710,
0x000001fffbb711b0, 0x000001fffbbc54a0, 0x000001fffc008c80
}

Java Threads: ( => current thread )
  0x000001ffdc2710f0 JavaThread "main" [_thread_blocked, id=15896, stack(0x000000cc9ea00000,0x000000cc9eb00000)]
  0x000001fffacb5f30 JavaThread "Reference Handler" daemon [_thread_blocked, id=16192, stack(0x000000cc9f100000,0x000000cc9f200000)]
  0x000001fffacb6d00 JavaThread "Finalizer" daemon [_thread_blocked, id=3456, stack(0x000000cc9f200000,0x000000cc9f300000)]
  0x000001fffb85b680 JavaThread "Signal Dispatcher" daemon [_thread_blocked, id=5440, stack(0x000000cc9f300000,0x000000cc9f400000)]
  0x000001fffb85dfa0 JavaThread "Attach Listener" daemon [_thread_blocked, id=5708, stack(0x000000cc9f400000,0x000000cc9f500000)]
  0x000001fffb85e8b0 JavaThread "Service Thread" daemon [_thread_blocked, id=15076, stack(0x000000cc9f500000,0x000000cc9f600000)]
  0x000001fffb8626c0 JavaThread "Monitor Deflation Thread" daemon [_thread_blocked, id=15060, stack(0x000000cc9f600000,0x000000cc9f700000)]
  0x000001fffb86b310 JavaThread "C2 CompilerThread0" daemon [_thread_blocked, id=11668, stack(0x000000cc9f700000,0x000000cc9f800000)]
  0x000001fffb876440 JavaThread "C1 CompilerThread0" daemon [_thread_blocked, id=14208, stack(0x000000cc9f800000,0x000000cc9f900000)]
  0x000001fffb8809a0 JavaThread "Sweeper thread" daemon [_thread_blocked, id=14504, stack(0x000000cc9f900000,0x000000cc9fa00000)]
  0x000001fffb91b030 JavaThread "Common-Cleaner" daemon [_thread_blocked, id=9880, stack(0x000000cc9fa00000,0x000000cc9fb00000)]
  0x000001fffbb50710 JavaThread "JDWP Transport Listener: dt_socket" daemon [_thread_blocked, id=5656, stack(0x000000cc9fb00000,0x000000cc9fc00000)]
  0x000001fffbb711b0 JavaThread "JDWP Event Helper Thread" daemon [_thread_blocked, id=4328, stack(0x000000cc9fc00000,0x000000cc9fd00000)]
  0x000001fffbbc54a0 JavaThread "JDWP Command Reader" daemon [_thread_in_native, id=1428, stack(0x000000cc9fd00000,0x000000cc9fe00000)]
  0x000001fffc008c80 JavaThread "Notification Thread" daemon [_thread_blocked, id=9464, stack(0x000000cc9ff00000,0x000000cca0000000)]

Other Threads:
=>0x000001fffb8164f0 VMThread "VM Thread" [stack: 0x000000cc9f000000,0x000000cc9f100000] [id=15160]
  0x000001ffdc271f40 WatcherThread [stack: 0x000000cca0000000,0x000000cca0100000] [id=14244]
  0x000001ffdc2bea30 GCTaskThread "GC Thread#0" [stack: 0x000000cc9eb00000,0x000000cc9ec00000] [id=6340]
  0x000001ffdc2d0850 ConcurrentGCThread "G1 Main Marker" [stack: 0x000000cc9ec00000,0x000000cc9ed00000] [id=13664]
  0x000001ffdc2d1970 ConcurrentGCThread "G1 Conc#0" [stack: 0x000000cc9ed00000,0x000000cc9ee00000] [id=10420]
  0x000001fffab224c0 ConcurrentGCThread "G1 Refine#0" [stack: 0x000000cc9ee00000,0x000000cc9ef00000] [id=13928]
  0x000001fffab22e50 ConcurrentGCThread "G1 Service" [stack: 0x000000cc9ef00000,0x000000cc9f000000] [id=15576]

Threads with active compile tasks:

VM state: at safepoint (normal execution)

VM Mutex/Monitor currently owned by a thread:  ([mutex/lock_event])
[0x000001ffdc26d980] Threads_lock - owner thread: 0x000001fffb8164f0

Heap address: 0x0000000701c00000, size: 4068 MB, Compressed Oops mode: Zero based, Oop shift amount: 3

CDS disabled.
Compressed class space mapped at: 0x0000000800000000-0x0000000840000000, reserved size: 1073741824
Narrow klass base: 0x0000000800000000, Narrow klass shift: 0, Narrow klass range: 0x40000000

GC Precious Log:
 CPUs: 8 total, 8 available
 Memory: 16264M
 Large Page Support: Disabled
 NUMA Support: Disabled
 Compressed Oops: Enabled (Zero based)
 Heap Region Size: 2M
 Heap Min Capacity: 8M
 Heap Initial Capacity: 256M
 Heap Max Capacity: 4068M
 Pre-touch: Disabled
 Parallel Workers: 8
 Concurrent Workers: 2
 Concurrent Refinement Workers: 8
 Periodic GC: Disabled

Heap:
 garbage-first heap   total 262144K, used 6144K [0x0000000701c00000, 0x0000000800000000)
  region size 2048K, 4 young (8192K), 0 survivors (0K)
 Metaspace       used 10501K, committed 10688K, reserved 1064960K
  class space    used 928K, committed 1024K, reserved 1048576K

Heap Regions: E=young(eden), S=young(survivor), O=old, HS=humongous(starts), HC=humongous(continues), CS=collection set, F=free, OA=open archive, CA=closed archive, TAMS=top-at-mark-start (previous, next)
|   0|0x0000000701c00000, 0x0000000701c00000, 0x0000000701e00000|  0%| F|  |TAMS 0x0000000701c00000, 0x0000000701c00000| Untracked 
|   1|0x0000000701e00000, 0x0000000701e00000, 0x0000000702000000|  0%| F|  |TAMS 0x0000000701e00000, 0x0000000701e00000| Untracked 
|   2|0x0000000702000000, 0x0000000702000000, 0x0000000702200000|  0%| F|  |TAMS 0x0000000702000000, 0x0000000702000000| Untracked 
|   3|0x0000000702200000, 0x0000000702200000, 0x0000000702400000|  0%| F|  |TAMS 0x0000000702200000, 0x0000000702200000| Untracked 
|   4|0x0000000702400000, 0x0000000702400000, 0x0000000702600000|  0%| F|  |TAMS 0x0000000702400000, 0x0000000702400000| Untracked 
|   5|0x0000000702600000, 0x0000000702600000, 0x0000000702800000|  0%| F|  |TAMS 0x0000000702600000, 0x0000000702600000| Untracked 
|   6|0x0000000702800000, 0x0000000702800000, 0x0000000702a00000|  0%| F|  |TAMS 0x0000000702800000, 0x0000000702800000| Untracked 
|   7|0x0000000702a00000, 0x0000000702a00000, 0x0000000702c00000|  0%| F|  |TAMS 0x0000000702a00000, 0x0000000702a00000| Untracked 
|   8|0x0000000702c00000, 0x0000000702c00000, 0x0000000702e00000|  0%| F|  |TAMS 0x0000000702c00000, 0x0000000702c00000| Untracked 
|   9|0x0000000702e00000, 0x0000000702e00000, 0x0000000703000000|  0%| F|  |TAMS 0x0000000702e00000, 0x0000000702e00000| Untracked 
|  10|0x0000000703000000, 0x0000000703000000, 0x0000000703200000|  0%| F|  |TAMS 0x0000000703000000, 0x0000000703000000| Untracked 
|  11|0x0000000703200000, 0x0000000703200000, 0x0000000703400000|  0%| F|  |TAMS 0x0000000703200000, 0x0000000703200000| Untracked 
|  12|0x0000000703400000, 0x0000000703400000, 0x0000000703600000|  0%| F|  |TAMS 0x0000000703400000, 0x0000000703400000| Untracked 
|  13|0x0000000703600000, 0x0000000703600000, 0x0000000703800000|  0%| F|  |TAMS 0x0000000703600000, 0x0000000703600000| Untracked 
|  14|0x0000000703800000, 0x0000000703800000, 0x0000000703a00000|  0%| F|  |TAMS 0x0000000703800000, 0x0000000703800000| Untracked 
|  15|0x0000000703a00000, 0x0000000703a00000, 0x0000000703c00000|  0%| F|  |TAMS 0x0000000703a00000, 0x0000000703a00000| Untracked 
|  16|0x0000000703c00000, 0x0000000703c00000, 0x0000000703e00000|  0%| F|  |TAMS 0x0000000703c00000, 0x0000000703c00000| Untracked 
|  17|0x0000000703e00000, 0x0000000703e00000, 0x0000000704000000|  0%| F|  |TAMS 0x0000000703e00000, 0x0000000703e00000| Untracked 
|  18|0x0000000704000000, 0x0000000704000000, 0x0000000704200000|  0%| F|  |TAMS 0x0000000704000000, 0x0000000704000000| Untracked 
|  19|0x0000000704200000, 0x0000000704200000, 0x0000000704400000|  0%| F|  |TAMS 0x0000000704200000, 0x0000000704200000| Untracked 
|  20|0x0000000704400000, 0x0000000704400000, 0x0000000704600000|  0%| F|  |TAMS 0x0000000704400000, 0x0000000704400000| Untracked 
|  21|0x0000000704600000, 0x0000000704600000, 0x0000000704800000|  0%| F|  |TAMS 0x0000000704600000, 0x0000000704600000| Untracked 
|  22|0x0000000704800000, 0x0000000704800000, 0x0000000704a00000|  0%| F|  |TAMS 0x0000000704800000, 0x0000000704800000| Untracked 
|  23|0x0000000704a00000, 0x0000000704a00000, 0x0000000704c00000|  0%| F|  |TAMS 0x0000000704a00000, 0x0000000704a00000| Untracked 
|  24|0x0000000704c00000, 0x0000000704c00000, 0x0000000704e00000|  0%| F|  |TAMS 0x0000000704c00000, 0x0000000704c00000| Untracked 
|  25|0x0000000704e00000, 0x0000000704e00000, 0x0000000705000000|  0%| F|  |TAMS 0x0000000704e00000, 0x0000000704e00000| Untracked 
|  26|0x0000000705000000, 0x0000000705000000, 0x0000000705200000|  0%| F|  |TAMS 0x0000000705000000, 0x0000000705000000| Untracked 
|  27|0x0000000705200000, 0x0000000705200000, 0x0000000705400000|  0%| F|  |TAMS 0x0000000705200000, 0x0000000705200000| Untracked 
|  28|0x0000000705400000, 0x0000000705400000, 0x0000000705600000|  0%| F|  |TAMS 0x0000000705400000, 0x0000000705400000| Untracked 
|  29|0x0000000705600000, 0x0000000705600000, 0x0000000705800000|  0%| F|  |TAMS 0x0000000705600000, 0x0000000705600000| Untracked 
|  30|0x0000000705800000, 0x0000000705800000, 0x0000000705a00000|  0%| F|  |TAMS 0x0000000705800000, 0x0000000705800000| Untracked 
|  31|0x0000000705a00000, 0x0000000705a00000, 0x0000000705c00000|  0%| F|  |TAMS 0x0000000705a00000, 0x0000000705a00000| Untracked 
|  32|0x0000000705c00000, 0x0000000705c00000, 0x0000000705e00000|  0%| F|  |TAMS 0x0000000705c00000, 0x0000000705c00000| Untracked 
|  33|0x0000000705e00000, 0x0000000705e00000, 0x0000000706000000|  0%| F|  |TAMS 0x0000000705e00000, 0x0000000705e00000| Untracked 
|  34|0x0000000706000000, 0x0000000706000000, 0x0000000706200000|  0%| F|  |TAMS 0x0000000706000000, 0x0000000706000000| Untracked 
|  35|0x0000000706200000, 0x0000000706200000, 0x0000000706400000|  0%| F|  |TAMS 0x0000000706200000, 0x0000000706200000| Untracked 
|  36|0x0000000706400000, 0x0000000706400000, 0x0000000706600000|  0%| F|  |TAMS 0x0000000706400000, 0x0000000706400000| Untracked 
|  37|0x0000000706600000, 0x0000000706600000, 0x0000000706800000|  0%| F|  |TAMS 0x0000000706600000, 0x0000000706600000| Untracked 
|  38|0x0000000706800000, 0x0000000706800000, 0x0000000706a00000|  0%| F|  |TAMS 0x0000000706800000, 0x0000000706800000| Untracked 
|  39|0x0000000706a00000, 0x0000000706a00000, 0x0000000706c00000|  0%| F|  |TAMS 0x0000000706a00000, 0x0000000706a00000| Untracked 
|  40|0x0000000706c00000, 0x0000000706c00000, 0x0000000706e00000|  0%| F|  |TAMS 0x0000000706c00000, 0x0000000706c00000| Untracked 
|  41|0x0000000706e00000, 0x0000000706e00000, 0x0000000707000000|  0%| F|  |TAMS 0x0000000706e00000, 0x0000000706e00000| Untracked 
|  42|0x0000000707000000, 0x0000000707000000, 0x0000000707200000|  0%| F|  |TAMS 0x0000000707000000, 0x0000000707000000| Untracked 
|  43|0x0000000707200000, 0x0000000707200000, 0x0000000707400000|  0%| F|  |TAMS 0x0000000707200000, 0x0000000707200000| Untracked 
|  44|0x0000000707400000, 0x0000000707400000, 0x0000000707600000|  0%| F|  |TAMS 0x0000000707400000, 0x0000000707400000| Untracked 
|  45|0x0000000707600000, 0x0000000707600000, 0x0000000707800000|  0%| F|  |TAMS 0x0000000707600000, 0x0000000707600000| Untracked 
|  46|0x0000000707800000, 0x0000000707800000, 0x0000000707a00000|  0%| F|  |TAMS 0x0000000707800000, 0x0000000707800000| Untracked 
|  47|0x0000000707a00000, 0x0000000707a00000, 0x0000000707c00000|  0%| F|  |TAMS 0x0000000707a00000, 0x0000000707a00000| Untracked 
|  48|0x0000000707c00000, 0x0000000707c00000, 0x0000000707e00000|  0%| F|  |TAMS 0x0000000707c00000, 0x0000000707c00000| Untracked 
|  49|0x0000000707e00000, 0x0000000707e00000, 0x0000000708000000|  0%| F|  |TAMS 0x0000000707e00000, 0x0000000707e00000| Untracked 
|  50|0x0000000708000000, 0x0000000708000000, 0x0000000708200000|  0%| F|  |TAMS 0x0000000708000000, 0x0000000708000000| Untracked 
|  51|0x0000000708200000, 0x0000000708200000, 0x0000000708400000|  0%| F|  |TAMS 0x0000000708200000, 0x0000000708200000| Untracked 
|  52|0x0000000708400000, 0x0000000708400000, 0x0000000708600000|  0%| F|  |TAMS 0x0000000708400000, 0x0000000708400000| Untracked 
|  53|0x0000000708600000, 0x0000000708600000, 0x0000000708800000|  0%| F|  |TAMS 0x0000000708600000, 0x0000000708600000| Untracked 
|  54|0x0000000708800000, 0x0000000708800000, 0x0000000708a00000|  0%| F|  |TAMS 0x0000000708800000, 0x0000000708800000| Untracked 
|  55|0x0000000708a00000, 0x0000000708a00000, 0x0000000708c00000|  0%| F|  |TAMS 0x0000000708a00000, 0x0000000708a00000| Untracked 
|  56|0x0000000708c00000, 0x0000000708c00000, 0x0000000708e00000|  0%| F|  |TAMS 0x0000000708c00000, 0x0000000708c00000| Untracked 
|  57|0x0000000708e00000, 0x0000000708e00000, 0x0000000709000000|  0%| F|  |TAMS 0x0000000708e00000, 0x0000000708e00000| Untracked 
|  58|0x0000000709000000, 0x0000000709000000, 0x0000000709200000|  0%| F|  |TAMS 0x0000000709000000, 0x0000000709000000| Untracked 
|  59|0x0000000709200000, 0x0000000709200000, 0x0000000709400000|  0%| F|  |TAMS 0x0000000709200000, 0x0000000709200000| Untracked 
|  60|0x0000000709400000, 0x0000000709400000, 0x0000000709600000|  0%| F|  |TAMS 0x0000000709400000, 0x0000000709400000| Untracked 
|  61|0x0000000709600000, 0x0000000709600000, 0x0000000709800000|  0%| F|  |TAMS 0x0000000709600000, 0x0000000709600000| Untracked 
|  62|0x0000000709800000, 0x0000000709800000, 0x0000000709a00000|  0%| F|  |TAMS 0x0000000709800000, 0x0000000709800000| Untracked 
|  63|0x0000000709a00000, 0x0000000709a00000, 0x0000000709c00000|  0%| F|  |TAMS 0x0000000709a00000, 0x0000000709a00000| Untracked 
|  64|0x0000000709c00000, 0x0000000709c00000, 0x0000000709e00000|  0%| F|  |TAMS 0x0000000709c00000, 0x0000000709c00000| Untracked 
|  65|0x0000000709e00000, 0x0000000709e00000, 0x000000070a000000|  0%| F|  |TAMS 0x0000000709e00000, 0x0000000709e00000| Untracked 
|  66|0x000000070a000000, 0x000000070a000000, 0x000000070a200000|  0%| F|  |TAMS 0x000000070a000000, 0x000000070a000000| Untracked 
|  67|0x000000070a200000, 0x000000070a200000, 0x000000070a400000|  0%| F|  |TAMS 0x000000070a200000, 0x000000070a200000| Untracked 
|  68|0x000000070a400000, 0x000000070a400000, 0x000000070a600000|  0%| F|  |TAMS 0x000000070a400000, 0x000000070a400000| Untracked 
|  69|0x000000070a600000, 0x000000070a600000, 0x000000070a800000|  0%| F|  |TAMS 0x000000070a600000, 0x000000070a600000| Untracked 
|  70|0x000000070a800000, 0x000000070a800000, 0x000000070aa00000|  0%| F|  |TAMS 0x000000070a800000, 0x000000070a800000| Untracked 
|  71|0x000000070aa00000, 0x000000070aa00000, 0x000000070ac00000|  0%| F|  |TAMS 0x000000070aa00000, 0x000000070aa00000| Untracked 
|  72|0x000000070ac00000, 0x000000070ac00000, 0x000000070ae00000|  0%| F|  |TAMS 0x000000070ac00000, 0x000000070ac00000| Untracked 
|  73|0x000000070ae00000, 0x000000070ae00000, 0x000000070b000000|  0%| F|  |TAMS 0x000000070ae00000, 0x000000070ae00000| Untracked 
|  74|0x000000070b000000, 0x000000070b000000, 0x000000070b200000|  0%| F|  |TAMS 0x000000070b000000, 0x000000070b000000| Untracked 
|  75|0x000000070b200000, 0x000000070b200000, 0x000000070b400000|  0%| F|  |TAMS 0x000000070b200000, 0x000000070b200000| Untracked 
|  76|0x000000070b400000, 0x000000070b400000, 0x000000070b600000|  0%| F|  |TAMS 0x000000070b400000, 0x000000070b400000| Untracked 
|  77|0x000000070b600000, 0x000000070b600000, 0x000000070b800000|  0%| F|  |TAMS 0x000000070b600000, 0x000000070b600000| Untracked 
|  78|0x000000070b800000, 0x000000070b800000, 0x000000070ba00000|  0%| F|  |TAMS 0x000000070b800000, 0x000000070b800000| Untracked 
|  79|0x000000070ba00000, 0x000000070ba00000, 0x000000070bc00000|  0%| F|  |TAMS 0x000000070ba00000, 0x000000070ba00000| Untracked 
|  80|0x000000070bc00000, 0x000000070bc00000, 0x000000070be00000|  0%| F|  |TAMS 0x000000070bc00000, 0x000000070bc00000| Untracked 
|  81|0x000000070be00000, 0x000000070be00000, 0x000000070c000000|  0%| F|  |TAMS 0x000000070be00000, 0x000000070be00000| Untracked 
|  82|0x000000070c000000, 0x000000070c000000, 0x000000070c200000|  0%| F|  |TAMS 0x000000070c000000, 0x000000070c000000| Untracked 
|  83|0x000000070c200000, 0x000000070c200000, 0x000000070c400000|  0%| F|  |TAMS 0x000000070c200000, 0x000000070c200000| Untracked 
|  84|0x000000070c400000, 0x000000070c400000, 0x000000070c600000|  0%| F|  |TAMS 0x000000070c400000, 0x000000070c400000| Untracked 
|  85|0x000000070c600000, 0x000000070c600000, 0x000000070c800000|  0%| F|  |TAMS 0x000000070c600000, 0x000000070c600000| Untracked 
|  86|0x000000070c800000, 0x000000070c800000, 0x000000070ca00000|  0%| F|  |TAMS 0x000000070c800000, 0x000000070c800000| Untracked 
|  87|0x000000070ca00000, 0x000000070ca00000, 0x000000070cc00000|  0%| F|  |TAMS 0x000000070ca00000, 0x000000070ca00000| Untracked 
|  88|0x000000070cc00000, 0x000000070cc00000, 0x000000070ce00000|  0%| F|  |TAMS 0x000000070cc00000, 0x000000070cc00000| Untracked 
|  89|0x000000070ce00000, 0x000000070ce00000, 0x000000070d000000|  0%| F|  |TAMS 0x000000070ce00000, 0x000000070ce00000| Untracked 
|  90|0x000000070d000000, 0x000000070d000000, 0x000000070d200000|  0%| F|  |TAMS 0x000000070d000000, 0x000000070d000000| Untracked 
|  91|0x000000070d200000, 0x000000070d200000, 0x000000070d400000|  0%| F|  |TAMS 0x000000070d200000, 0x000000070d200000| Untracked 
|  92|0x000000070d400000, 0x000000070d400000, 0x000000070d600000|  0%| F|  |TAMS 0x000000070d400000, 0x000000070d400000| Untracked 
|  93|0x000000070d600000, 0x000000070d600000, 0x000000070d800000|  0%| F|  |TAMS 0x000000070d600000, 0x000000070d600000| Untracked 
|  94|0x000000070d800000, 0x000000070d800000, 0x000000070da00000|  0%| F|  |TAMS 0x000000070d800000, 0x000000070d800000| Untracked 
|  95|0x000000070da00000, 0x000000070da00000, 0x000000070dc00000|  0%| F|  |TAMS 0x000000070da00000, 0x000000070da00000| Untracked 
|  96|0x000000070dc00000, 0x000000070dc00000, 0x000000070de00000|  0%| F|  |TAMS 0x000000070dc00000, 0x000000070dc00000| Untracked 
|  97|0x000000070de00000, 0x000000070de00000, 0x000000070e000000|  0%| F|  |TAMS 0x000000070de00000, 0x000000070de00000| Untracked 
|  98|0x000000070e000000, 0x000000070e000000, 0x000000070e200000|  0%| F|  |TAMS 0x000000070e000000, 0x000000070e000000| Untracked 
|  99|0x000000070e200000, 0x000000070e200000, 0x000000070e400000|  0%| F|  |TAMS 0x000000070e200000, 0x000000070e200000| Untracked 
| 100|0x000000070e400000, 0x000000070e400000, 0x000000070e600000|  0%| F|  |TAMS 0x000000070e400000, 0x000000070e400000| Untracked 
| 101|0x000000070e600000, 0x000000070e600000, 0x000000070e800000|  0%| F|  |TAMS 0x000000070e600000, 0x000000070e600000| Untracked 
| 102|0x000000070e800000, 0x000000070e800000, 0x000000070ea00000|  0%| F|  |TAMS 0x000000070e800000, 0x000000070e800000| Untracked 
| 103|0x000000070ea00000, 0x000000070ea00000, 0x000000070ec00000|  0%| F|  |TAMS 0x000000070ea00000, 0x000000070ea00000| Untracked 
| 104|0x000000070ec00000, 0x000000070ec00000, 0x000000070ee00000|  0%| F|  |TAMS 0x000000070ec00000, 0x000000070ec00000| Untracked 
| 105|0x000000070ee00000, 0x000000070ee00000, 0x000000070f000000|  0%| F|  |TAMS 0x000000070ee00000, 0x000000070ee00000| Untracked 
| 106|0x000000070f000000, 0x000000070f000000, 0x000000070f200000|  0%| F|  |TAMS 0x000000070f000000, 0x000000070f000000| Untracked 
| 107|0x000000070f200000, 0x000000070f200000, 0x000000070f400000|  0%| F|  |TAMS 0x000000070f200000, 0x000000070f200000| Untracked 
| 108|0x000000070f400000, 0x000000070f400000, 0x000000070f600000|  0%| F|  |TAMS 0x000000070f400000, 0x000000070f400000| Untracked 
| 109|0x000000070f600000, 0x000000070f600000, 0x000000070f800000|  0%| F|  |TAMS 0x000000070f600000, 0x000000070f600000| Untracked 
| 110|0x000000070f800000, 0x000000070f800000, 0x000000070fa00000|  0%| F|  |TAMS 0x000000070f800000, 0x000000070f800000| Untracked 
| 111|0x000000070fa00000, 0x000000070fa00000, 0x000000070fc00000|  0%| F|  |TAMS 0x000000070fa00000, 0x000000070fa00000| Untracked 
| 112|0x000000070fc00000, 0x000000070fc00000, 0x000000070fe00000|  0%| F|  |TAMS 0x000000070fc00000, 0x000000070fc00000| Untracked 
| 113|0x000000070fe00000, 0x000000070fe00000, 0x0000000710000000|  0%| F|  |TAMS 0x000000070fe00000, 0x000000070fe00000| Untracked 
| 114|0x0000000710000000, 0x0000000710000000, 0x0000000710200000|  0%| F|  |TAMS 0x0000000710000000, 0x0000000710000000| Untracked 
| 115|0x0000000710200000, 0x0000000710200000, 0x0000000710400000|  0%| F|  |TAMS 0x0000000710200000, 0x0000000710200000| Untracked 
| 116|0x0000000710400000, 0x0000000710400000, 0x0000000710600000|  0%| F|  |TAMS 0x0000000710400000, 0x0000000710400000| Untracked 
| 117|0x0000000710600000, 0x0000000710600000, 0x0000000710800000|  0%| F|  |TAMS 0x0000000710600000, 0x0000000710600000| Untracked 
| 118|0x0000000710800000, 0x0000000710800000, 0x0000000710a00000|  0%| F|  |TAMS 0x0000000710800000, 0x0000000710800000| Untracked 
| 119|0x0000000710a00000, 0x0000000710a00000, 0x0000000710c00000|  0%| F|  |TAMS 0x0000000710a00000, 0x0000000710a00000| Untracked 
| 120|0x0000000710c00000, 0x0000000710c00000, 0x0000000710e00000|  0%| F|  |TAMS 0x0000000710c00000, 0x0000000710c00000| Untracked 
| 121|0x0000000710e00000, 0x0000000710e00000, 0x0000000711000000|  0%| F|  |TAMS 0x0000000710e00000, 0x0000000710e00000| Untracked 
| 122|0x0000000711000000, 0x0000000711000000, 0x0000000711200000|  0%| F|  |TAMS 0x0000000711000000, 0x0000000711000000| Untracked 
| 123|0x0000000711200000, 0x0000000711200000, 0x0000000711400000|  0%| F|  |TAMS 0x0000000711200000, 0x0000000711200000| Untracked 
| 124|0x0000000711400000, 0x00000007114e1ca8, 0x0000000711600000| 44%| E|  |TAMS 0x0000000711400000, 0x0000000711400000| Complete 
| 125|0x0000000711600000, 0x0000000711800000, 0x0000000711800000|100%| E|CS|TAMS 0x0000000711600000, 0x0000000711600000| Complete 
| 126|0x0000000711800000, 0x0000000711a00000, 0x0000000711a00000|100%| E|CS|TAMS 0x0000000711800000, 0x0000000711800000| Complete 
| 127|0x0000000711a00000, 0x0000000711c00000, 0x0000000711c00000|100%| E|CS|TAMS 0x0000000711a00000, 0x0000000711a00000| Complete 

Card table byte_map: [0x000001ffef320000,0x000001ffefb20000] _byte_map_base: 0x000001ffebb12000

Marking Bits (Prev, Next): (CMBitMap*) 0x000001ffdc2bf030, (CMBitMap*) 0x000001ffdc2bf070
 Prev Bits: [0x000001fff0320000, 0x000001fff42b0000)
 Next Bits: [0x000001fff42b0000, 0x000001fff8240000)

Polling page: 0x000001ffdba50000

Metaspace:

Usage:
  Non-class:      9.35 MB used.
      Class:    928.21 KB used.
       Both:     10.26 MB used.

Virtual space:
  Non-class space:       16.00 MB reserved,       9.44 MB ( 59%) committed,  2 nodes.
      Class space:        1.00 GB reserved,       1.00 MB ( <1%) committed,  1 nodes.
              Both:        1.02 GB reserved,      10.44 MB (  1%) committed. 

Chunk freelists:
   Non-Class:  2.22 MB
       Class:  2.97 MB
        Both:  5.19 MB

MaxMetaspaceSize: 17179869184.00 GB
CompressedClassSpaceSize: 1.00 GB
 - commit_granule_bytes: 65536.
 - commit_granule_words: 8192.
 - virtual_space_node_default_size: 1048576.
 - enlarge_chunks_in_place: 1.
 - new_chunks_are_fully_committed: 0.
 - uncommit_free_chunks: 1.
 - use_allocation_guard: 0.
 - handle_deallocations: 1.


Internal statistics:

num_allocs_failed_limit: 0.
num_arena_births: 16.
num_arena_deaths: 0.
num_vsnodes_births: 3.
num_vsnodes_deaths: 0.
num_space_committed: 167.
num_space_uncommitted: 0.
num_chunks_returned_to_freelist: 0.
num_chunks_taken_from_freelist: 56.
num_chunk_merges: 0.
num_chunk_splits: 25.
num_chunks_enlarged: 18.
num_purges: 0.

CodeHeap 'non-profiled nmethods': size=120000Kb used=147Kb max_used=147Kb free=119852Kb
 bounds [0x000001ffe72c0000, 0x000001ffe7530000, 0x000001ffee7f0000]
CodeHeap 'profiled nmethods': size=120000Kb used=636Kb max_used=636Kb free=119363Kb
 bounds [0x000001ffdfd90000, 0x000001ffe0000000, 0x000001ffe72c0000]
CodeHeap 'non-nmethods': size=5760Kb used=1210Kb max_used=1229Kb free=4549Kb
 bounds [0x000001ffdf7f0000, 0x000001ffdfa60000, 0x000001ffdfd90000]
 total_blobs=880 nmethods=461 adapters=332
 compilation: enabled
              stopped_count=0, restarted_count=0
 full_count=0

Compilation events (20 events):
Event: 244.597 Thread 0x000001fffb876440  456       3       org.eclipse.jdt.launching.internal.org.objectweb.asm.SymbolTable::addConstantUtf8 (20 bytes)
Event: 244.597 Thread 0x000001fffb876440 nmethod 456 0x000001ffdfe2c810 code [0x000001ffdfe2c9e0, 0x000001ffdfe2cca8]
Event: 261.712 Thread 0x000001fffb876440  457       3       org.eclipse.jdt.launching.internal.org.objectweb.asm.ClassReader::readUTF8 (23 bytes)
Event: 261.712 Thread 0x000001fffb876440 nmethod 457 0x000001ffdfe2ce10 code [0x000001ffdfe2cfe0, 0x000001ffdfe2d238]
Event: 847.700 Thread 0x000001fffb86b310  458       4       org.eclipse.jdt.launching.internal.org.objectweb.asm.ClassReader::readUnsignedShort (26 bytes)
Event: 847.701 Thread 0x000001fffb86b310 nmethod 458 0x000001ffe72e4090 code [0x000001ffe72e4220, 0x000001ffe72e4338]
Event: 887.358 Thread 0x000001fffb876440  459       3       org.eclipse.jdt.launching.internal.org.objectweb.asm.ByteVector::putShort (52 bytes)
Event: 887.359 Thread 0x000001fffb876440 nmethod 459 0x000001ffdfe2d310 code [0x000001ffdfe2d4c0, 0x000001ffdfe2d6e8]
Event: 993.772 Thread 0x000001fffb86b310  460       4       org.eclipse.jdt.launching.internal.org.objectweb.asm.ClassReader::getItem (7 bytes)
Event: 993.774 Thread 0x000001fffb86b310 nmethod 460 0x000001ffe72e4410 code [0x000001ffe72e45a0, 0x000001ffe72e4698]
Event: 1597.817 Thread 0x000001fffb876440  461       3       org.eclipse.jdt.launching.internal.org.objectweb.asm.SymbolTable::get (13 bytes)
Event: 1597.818 Thread 0x000001fffb876440 nmethod 461 0x000001ffdfe2d890 code [0x000001ffdfe2da20, 0x000001ffdfe2db78]
Event: 1627.534 Thread 0x000001fffb876440  462       3       org.eclipse.jdt.launching.internal.org.objectweb.asm.ClassReader::readClass (7 bytes)
Event: 1627.534 Thread 0x000001fffb86b310  464       4       java.lang.StringUTF16::compress (50 bytes)
Event: 1627.534 Thread 0x000001fffb876440 nmethod 462 0x000001ffdfe2dc90 code [0x000001ffdfe2de80, 0x000001ffdfe2e208]
Event: 1627.534 Thread 0x000001fffb876440  463       3       org.eclipse.jdt.launching.internal.org.objectweb.asm.ClassReader::readStringish (16 bytes)
Event: 1627.535 Thread 0x000001fffb876440 nmethod 463 0x000001ffdfe2e410 code [0x000001ffdfe2e5e0, 0x000001ffdfe2e8e8]
Event: 1627.544 Thread 0x000001fffb86b310 nmethod 464 0x000001ffe72e4790 code [0x000001ffe72e4920, 0x000001ffe72e4e38]
Event: 1712.437 Thread 0x000001fffb876440  465       3       org.eclipse.jdt.launching.internal.org.objectweb.asm.SymbolTable::addConstantUtf8Reference (20 bytes)
Event: 1712.438 Thread 0x000001fffb876440 nmethod 465 0x000001ffdfe2ea90 code [0x000001ffdfe2ec60, 0x000001ffdfe2ef28]

GC Heap History (0 events):
No events

Deoptimization events (20 events):
Event: 0.549 Thread 0x000001ffdc2710f0 DEOPT PACKING pc=0x000001ffdfe039e7 sp=0x000000cc9eaf8d10
Event: 0.549 Thread 0x000001ffdc2710f0 DEOPT UNPACKING pc=0x000001ffdf83dece sp=0x000000cc9eaf8178 mode 0
Event: 0.552 Thread 0x000001ffdc2710f0 DEOPT PACKING pc=0x000001ffdfe039e7 sp=0x000000cc9eafc740
Event: 0.552 Thread 0x000001ffdc2710f0 DEOPT UNPACKING pc=0x000001ffdf83dece sp=0x000000cc9eafbba8 mode 0
Event: 0.552 Thread 0x000001ffdc2710f0 DEOPT PACKING pc=0x000001ffdfe039e7 sp=0x000000cc9eafc740
Event: 0.552 Thread 0x000001ffdc2710f0 DEOPT UNPACKING pc=0x000001ffdf83dece sp=0x000000cc9eafbba8 mode 0
Event: 0.553 Thread 0x000001ffdc2710f0 DEOPT PACKING pc=0x000001ffdfe039e7 sp=0x000000cc9eafc740
Event: 0.553 Thread 0x000001ffdc2710f0 DEOPT UNPACKING pc=0x000001ffdf83dece sp=0x000000cc9eafbba8 mode 0
Event: 0.555 Thread 0x000001ffdc2710f0 DEOPT PACKING pc=0x000001ffdfe039e7 sp=0x000000cc9eaf8c90
Event: 0.555 Thread 0x000001ffdc2710f0 DEOPT UNPACKING pc=0x000001ffdf83dece sp=0x000000cc9eaf80f8 mode 0
Event: 0.561 Thread 0x000001ffdc2710f0 DEOPT PACKING pc=0x000001ffdfe039e7 sp=0x000000cc9eaf8900
Event: 0.561 Thread 0x000001ffdc2710f0 DEOPT UNPACKING pc=0x000001ffdf83dece sp=0x000000cc9eaf7d68 mode 0
Event: 0.561 Thread 0x000001ffdc2710f0 DEOPT PACKING pc=0x000001ffdfe039e7 sp=0x000000cc9eaf8900
Event: 0.561 Thread 0x000001ffdc2710f0 DEOPT UNPACKING pc=0x000001ffdf83dece sp=0x000000cc9eaf7d68 mode 0
Event: 0.561 Thread 0x000001ffdc2710f0 DEOPT PACKING pc=0x000001ffdfe039e7 sp=0x000000cc9eaf8900
Event: 0.561 Thread 0x000001ffdc2710f0 DEOPT UNPACKING pc=0x000001ffdf83dece sp=0x000000cc9eaf7d68 mode 0
Event: 0.614 Thread 0x000001ffdc2710f0 Uncommon trap: trap_request=0xffffff45 fr.pc=0x000001ffe72d1f68 relative=0x0000000000000048
Event: 0.614 Thread 0x000001ffdc2710f0 Uncommon trap: reason=unstable_if action=reinterpret pc=0x000001ffe72d1f68 method=java.lang.CharacterData.of(I)Ljava/lang/CharacterData; @ 4 c2
Event: 0.614 Thread 0x000001ffdc2710f0 DEOPT PACKING pc=0x000001ffe72d1f68 sp=0x000000cc9eafeab0
Event: 0.614 Thread 0x000001ffdc2710f0 DEOPT UNPACKING pc=0x000001ffdf83d72e sp=0x000000cc9eafea50 mode 2

Classes unloaded (0 events):
No events

Classes redefined (7 events):
Event: 14.335 Thread 0x000001fffb8164f0 redefined class name=Package.PrimeGap, count=1
Event: 104.872 Thread 0x000001fffb8164f0 redefined class name=Package.PrimeGap, count=2
Event: 181.205 Thread 0x000001fffb8164f0 redefined class name=Package.PrimeGap, count=3
Event: 193.485 Thread 0x000001fffb8164f0 redefined class name=Package.PrimeGap, count=4
Event: 244.598 Thread 0x000001fffb8164f0 redefined class name=Package.PrimeGap, count=5
Event: 261.713 Thread 0x000001fffb8164f0 redefined class name=Package.PrimeGap, count=6
Event: 275.546 Thread 0x000001fffb8164f0 redefined class name=Package.PrimeGap, count=7

Internal exceptions (2 events):
Event: 0.188 Thread 0x000001ffdc2710f0 Exception <a 'java/lang/NoSuchMethodError'{0x0000000711b1cc68}: 'void java.lang.invoke.DirectMethodHandle$Holder.invokeVirtual(java.lang.Object, java.lang.Object)'> (0x0000000711b1cc68) 
thrown [t:\workspace\open\src\hotspot\share\interpreter\linkResolver.cpp, line 790]
Event: 0.524 Thread 0x000001ffdc2710f0 Exception <a 'java/lang/NoSuchMethodError'{0x00000007116a54d0}: 'java.lang.Object java.lang.invoke.DirectMethodHandle$Holder.invokeStatic(java.lang.Object)'> (0x00000007116a54d0) 
thrown [t:\workspace\open\src\hotspot\share\interpreter\linkResolver.cpp, line 790]

Events (20 events):
Event: 275.543 Executing  VM operation: ChangeSingleStep done
Event: 275.545 Executing  VM operation: RedefineClasses
Event: 275.547 Executing  VM operation: RedefineClasses done
Event: 275.548 Executing  VM operation: ChangeSingleStep
Event: 275.548 Executing  VM operation: ChangeSingleStep done
Event: 275.549 Executing  VM operation: ChangeSingleStep
Event: 275.549 Executing  VM operation: ChangeSingleStep done
Event: 847.698 Executing  VM operation: ChangeSingleStep
Event: 847.698 Executing  VM operation: ChangeSingleStep done
Event: 847.698 Executing  VM operation: ChangeSingleStep
Event: 847.698 Executing  VM operation: ChangeSingleStep done
Event: 1534.956 Executing  VM operation: ChangeBreakpoints
Event: 1534.957 Executing  VM operation: ChangeBreakpoints done
Event: 1751.312 Executing  VM operation: ChangeBreakpoints
Event: 1751.312 Executing  VM operation: ChangeBreakpoints done
Event: 1753.564 Executing  VM operation: ChangeBreakpoints
Event: 1753.564 Executing  VM operation: ChangeBreakpoints done
Event: 1755.237 Executing  VM operation: ChangeBreakpoints
Event: 1755.237 Executing  VM operation: ChangeBreakpoints done
Event: 3083.371 Executing  VM operation: get/set locals


Dynamic libraries:
0x00007ff731150000 - 0x00007ff73115e000 	C:\Users\achiy\.p2\pool\plugins\org.eclipse.justj.openjdk.hotspot.jre.full.win32.x86_64_16.0.2.v20210721-1149\jre\bin\javaw.exe
0x00007ffec41e0000 - 0x00007ffec43e7000 	C:\WINDOWS\SYSTEM32\ntdll.dll
0x00007ffec2b20000 - 0x00007ffec2bdd000 	C:\WINDOWS\System32\KERNEL32.DLL
0x00007ffec19f0000 - 0x00007ffec1d64000 	C:\WINDOWS\System32\KERNELBASE.dll
0x00007ffec16c0000 - 0x00007ffec17d1000 	C:\WINDOWS\System32\ucrtbase.dll
0x00007ffeb70e0000 - 0x00007ffeb70f8000 	C:\Users\achiy\.p2\pool\plugins\org.eclipse.justj.openjdk.hotspot.jre.full.win32.x86_64_16.0.2.v20210721-1149\jre\bin\jli.dll
0x00007ffeb7100000 - 0x00007ffeb7119000 	C:\Users\achiy\.p2\pool\plugins\org.eclipse.justj.openjdk.hotspot.jre.full.win32.x86_64_16.0.2.v20210721-1149\jre\bin\VCRUNTIME140.dll
0x00007ffec3020000 - 0x00007ffec31cc000 	C:\WINDOWS\System32\USER32.dll
0x00007ffec1d70000 - 0x00007ffec1d96000 	C:\WINDOWS\System32\win32u.dll
0x00007ffeb0dd0000 - 0x00007ffeb1075000 	C:\WINDOWS\WinSxS\amd64_microsoft.windows.common-controls_6595b64144ccf1df_6.0.22000.120_none_9d947278b86cc467\COMCTL32.dll
0x00007ffec3350000 - 0x00007ffec3379000 	C:\WINDOWS\System32\GDI32.dll
0x00007ffec2980000 - 0x00007ffec2a23000 	C:\WINDOWS\System32\msvcrt.dll
0x00007ffec17e0000 - 0x00007ffec18f2000 	C:\WINDOWS\System32\gdi32full.dll
0x00007ffec1fd0000 - 0x00007ffec206d000 	C:\WINDOWS\System32\msvcp_win.dll
0x00007ffec3440000 - 0x00007ffec3471000 	C:\WINDOWS\System32\IMM32.DLL
0x00007ffeb7aa0000 - 0x00007ffeb7aac000 	C:\Users\achiy\.p2\pool\plugins\org.eclipse.justj.openjdk.hotspot.jre.full.win32.x86_64_16.0.2.v20210721-1149\jre\bin\vcruntime140_1.dll
0x00007ffea67c0000 - 0x00007ffea6851000 	C:\Users\achiy\.p2\pool\plugins\org.eclipse.justj.openjdk.hotspot.jre.full.win32.x86_64_16.0.2.v20210721-1149\jre\bin\msvcp140.dll
0x00007ffe7e7c0000 - 0x00007ffe7f36b000 	C:\Users\achiy\.p2\pool\plugins\org.eclipse.justj.openjdk.hotspot.jre.full.win32.x86_64_16.0.2.v20210721-1149\jre\bin\server\jvm.dll
0x00007ffec3240000 - 0x00007ffec32ec000 	C:\WINDOWS\System32\ADVAPI32.dll
0x00007ffec4100000 - 0x00007ffec419d000 	C:\WINDOWS\System32\sechost.dll
0x00007ffec2ef0000 - 0x00007ffec3011000 	C:\WINDOWS\System32\RPCRT4.dll
0x00007ffec31d0000 - 0x00007ffec31d8000 	C:\WINDOWS\System32\PSAPI.DLL
0x00007ffeb9100000 - 0x00007ffeb9133000 	C:\WINDOWS\SYSTEM32\WINMM.dll
0x00007ffeb86b0000 - 0x00007ffeb86ba000 	C:\WINDOWS\SYSTEM32\VERSION.dll
0x00007ffeb3ff0000 - 0x00007ffeb3ff9000 	C:\WINDOWS\SYSTEM32\WSOCK32.dll
0x00007ffec2da0000 - 0x00007ffec2e0f000 	C:\WINDOWS\System32\WS2_32.dll
0x00007ffec07f0000 - 0x00007ffec0808000 	C:\WINDOWS\SYSTEM32\kernel.appcore.dll
0x00007ffeba2f0000 - 0x00007ffeba2fa000 	C:\Users\achiy\.p2\pool\plugins\org.eclipse.justj.openjdk.hotspot.jre.full.win32.x86_64_16.0.2.v20210721-1149\jre\bin\jimage.dll
0x00007ffebf270000 - 0x00007ffebf491000 	C:\WINDOWS\SYSTEM32\DBGHELP.DLL
0x00007ffeb8740000 - 0x00007ffeb8771000 	C:\WINDOWS\SYSTEM32\dbgcore.DLL
0x00007ffec1970000 - 0x00007ffec19f0000 	C:\WINDOWS\System32\bcryptPrimitives.dll
0x00007ffead410000 - 0x00007ffead44b000 	C:\Users\achiy\.p2\pool\plugins\org.eclipse.justj.openjdk.hotspot.jre.full.win32.x86_64_16.0.2.v20210721-1149\jre\bin\jdwp.dll
0x00007ffeb7220000 - 0x00007ffeb722e000 	C:\Users\achiy\.p2\pool\plugins\org.eclipse.justj.openjdk.hotspot.jre.full.win32.x86_64_16.0.2.v20210721-1149\jre\bin\instrument.dll
0x00007ffeb9390000 - 0x00007ffeb93b5000 	C:\Users\achiy\.p2\pool\plugins\org.eclipse.justj.openjdk.hotspot.jre.full.win32.x86_64_16.0.2.v20210721-1149\jre\bin\java.dll
0x00007ffeb1450000 - 0x00007ffeb1468000 	C:\Users\achiy\.p2\pool\plugins\org.eclipse.justj.openjdk.hotspot.jre.full.win32.x86_64_16.0.2.v20210721-1149\jre\bin\zip.dll
0x00007ffec3950000 - 0x00007ffec40f9000 	C:\WINDOWS\System32\SHELL32.dll
0x00007ffebf870000 - 0x00007ffec00d2000 	C:\WINDOWS\SYSTEM32\windows.storage.dll
0x00007ffec25f0000 - 0x00007ffec2968000 	C:\WINDOWS\System32\combase.dll
0x00007ffebf700000 - 0x00007ffebf866000 	C:\WINDOWS\SYSTEM32\wintypes.dll
0x00007ffec2a30000 - 0x00007ffec2b1a000 	C:\WINDOWS\System32\SHCORE.dll
0x00007ffec31e0000 - 0x00007ffec323d000 	C:\WINDOWS\System32\shlwapi.dll
0x00007ffec15f0000 - 0x00007ffec1611000 	C:\WINDOWS\SYSTEM32\profapi.dll
0x00007ffeb1430000 - 0x00007ffeb1449000 	C:\Users\achiy\.p2\pool\plugins\org.eclipse.justj.openjdk.hotspot.jre.full.win32.x86_64_16.0.2.v20210721-1149\jre\bin\net.dll
0x00007ffeb8c90000 - 0x00007ffeb8d9c000 	C:\WINDOWS\SYSTEM32\WINHTTP.dll
0x00007ffec0c00000 - 0x00007ffec0c67000 	C:\WINDOWS\system32\mswsock.dll
0x00007ffeb1410000 - 0x00007ffeb1423000 	C:\Users\achiy\.p2\pool\plugins\org.eclipse.justj.openjdk.hotspot.jre.full.win32.x86_64_16.0.2.v20210721-1149\jre\bin\nio.dll
0x00007ffeb6f90000 - 0x00007ffeb6f9c000 	C:\Users\achiy\.p2\pool\plugins\org.eclipse.justj.openjdk.hotspot.jre.full.win32.x86_64_16.0.2.v20210721-1149\jre\bin\dt_socket.dll
0x00007ffec0330000 - 0x00007ffec035d000 	C:\WINDOWS\SYSTEM32\IPHLPAPI.DLL
0x00007ffec03a0000 - 0x00007ffec0487000 	C:\WINDOWS\SYSTEM32\DNSAPI.dll
0x00007ffec3430000 - 0x00007ffec3439000 	C:\WINDOWS\System32\NSI.dll
0x00007ffeb67d0000 - 0x00007ffeb67da000 	C:\Windows\System32\rasadhlp.dll
0x00007ffeb73f0000 - 0x00007ffeb7471000 	C:\WINDOWS\System32\fwpuclnt.dll
0x00007ffeb9460000 - 0x00007ffeb9470000 	C:\Users\achiy\.p2\pool\plugins\org.eclipse.justj.openjdk.hotspot.jre.full.win32.x86_64_16.0.2.v20210721-1149\jre\bin\verify.dll

dbghelp: loaded successfully - version: 4.0.5 - missing functions: none
symbol engine: initialized successfully - sym options: 0x614 - pdb path: .;C:\Users\achiy\.p2\pool\plugins\org.eclipse.justj.openjdk.hotspot.jre.full.win32.x86_64_16.0.2.v20210721-1149\jre\bin;C:\WINDOWS\SYSTEM32;C:\WINDOWS\WinSxS\amd64_microsoft.windows.common-controls_6595b64144ccf1df_6.0.22000.120_none_9d947278b86cc467;C:\Users\achiy\.p2\pool\plugins\org.eclipse.justj.openjdk.hotspot.jre.full.win32.x86_64_16.0.2.v20210721-1149\jre\bin\server

VM Arguments:
jvm_args: -XX:+ShowCodeDetailsInExceptionMessages -agentlib:jdwp=transport=dt_socket,suspend=y,address=localhost:54732 -javaagent:C:\Users\achiy\eclipse\java-2021-09\eclipse\configuration\org.eclipse.osgi\222\0\.cp\lib\javaagent-shaded.jar -Dfile.encoding=UTF-8 --module-path=C:\Users\achiy\eclipse-workspace\EX1_A\bin -Djdk.module.main=EX1_A 
java_command: EX1_A/Package.PrimeGap
java_class_path (initial): <not set>
Launcher Type: SUN_STANDARD

[Global flags]
     intx CICompilerCount                          = 4                                         {product} {ergonomic}
     uint ConcGCThreads                            = 2                                         {product} {ergonomic}
     uint G1ConcRefinementThreads                  = 8                                         {product} {ergonomic}
   size_t G1HeapRegionSize                         = 2097152                                   {product} {ergonomic}
    uintx GCDrainStackTargetSize                   = 64                                        {product} {ergonomic}
   size_t InitialHeapSize                          = 268435456                                 {product} {ergonomic}
   size_t MarkStackSize                            = 4194304                                   {product} {ergonomic}
   size_t MaxHeapSize                              = 4265607168                                {product} {ergonomic}
   size_t MaxNewSize                               = 2558525440                                {product} {ergonomic}
   size_t MinHeapDeltaBytes                        = 2097152                                   {product} {ergonomic}
   size_t MinHeapSize                              = 8388608                                   {product} {ergonomic}
    uintx NonNMethodCodeHeapSize                   = 5839372                                {pd product} {ergonomic}
    uintx NonProfiledCodeHeapSize                  = 122909434                              {pd product} {ergonomic}
    uintx ProfiledCodeHeapSize                     = 122909434                              {pd product} {ergonomic}
    uintx ReservedCodeCacheSize                    = 251658240                              {pd product} {ergonomic}
     bool SegmentedCodeCache                       = true                                      {product} {ergonomic}
     bool ShowCodeDetailsInExceptionMessages       = true                                   {manageable} {command line}
   size_t SoftMaxHeapSize                          = 4265607168                             {manageable} {ergonomic}
     bool UseCompressedClassPointers               = true                           {product lp64_product} {ergonomic}
     bool UseCompressedOops                        = true                           {product lp64_product} {ergonomic}
     bool UseG1GC                                  = true                                      {product} {ergonomic}
     bool UseLargePagesIndividualAllocation        = false                                  {pd product} {ergonomic}

Logging:
Log output configuration:
 #0: stdout all=warning uptime,level,tags
 #1: stderr all=off uptime,level,tags

Environment Variables:
PATH=C:\Users\achiy\.p2\pool\plugins\org.eclipse.justj.openjdk.hotspot.jre.full.win32.x86_64_16.0.2.v20210721-1149\jre\bin;C:/Users/achiy/.p2/pool/plugins/org.eclipse.justj.openjdk.hotspot.jre.full.win32.x86_64_16.0.2.v20210721-1149/jre/bin/server;C:/Users/achiy/.p2/pool/plugins/org.eclipse.justj.openjdk.hotspot.jre.full.win32.x86_64_16.0.2.v20210721-1149/jre/bin;C:\Program Files (x86)\Razer\ChromaBroadcast\bin;C:\Program Files\Razer\ChromaBroadcast\bin;C:\WINDOWS\system32;C:\WINDOWS;C:\WINDOWS\System32\Wbem;C:\WINDOWS\System32\WindowsPowerShell\v1.0\;C:\WINDOWS\System32\OpenSSH\;C:\Program Files (x86)\Windows Kits\8.1\Windows Performance Toolkit\;C:\Program Files\Microsoft SQL Server\130\Tools\Binn\;C:\Program Files\Java\jdk-17\bin;C:\WINDOWS\system32\config\systemprofile\AppData\Local\Microsoft\WindowsApps;C:\Program Files\SAP\EasyDmsInterface\Unicode;%USERPROFILE%\AppData\Local\Microsoft\WindowsApps;;C:\Users\achiy\eclipse\java-2021-09\eclipse;
USERNAME=achiy
OS=Windows_NT
PROCESSOR_IDENTIFIER=Intel64 Family 6 Model 142 Stepping 10, GenuineIntel



---------------  S Y S T E M  ---------------

OS:
 Windows 10 , 64 bit Build 22000 (10.0.22000.120)
OS uptime: 13 days 11:56 hours

CPU: total 8 (initial active 8) (4 cores per cpu, 2 threads per core) family 6 model 142 stepping 10 microcode 0xe0, cx8, cmov, fxsr, ht, mmx, 3dnowpref, sse, sse2, sse3, ssse3, sse4.1, sse4.2, popcnt, lzcnt, tsc, tscinvbit, avx, avx2, aes, erms, clmul, bmi1, bmi2, rtm, adx, fma, vzeroupper, clflush, clflushopt

Memory: 4k page, system-wide physical 16264M (8324M free)
TotalPageFile size 18696M (AvailPageFile size 2943M)
current process WorkingSet (physical memory assigned to process): 48M, peak: 50M
current process commit charge ("private bytes"): 344M, peak: 346M

vm_info: OpenJDK 64-Bit Server VM (16.0.2+7-67) for windows-amd64 JRE (16.0.2+7-67), built on Jun  8 2021 23:21:43 by "mach5one" with MS VC++ 16.7 (VS2019)

END.
